  [1m[35m (2.4ms)[0m  [1m[34mSELECT sqlite_version(*)[0m
  [1m[35m (2.6ms)[0m  [1m[35mCREATE TABLE "schema_migrations" ("version" varchar NOT NULL PRIMARY KEY)[0m
  [1m[35m (1.4ms)[0m  [1m[35mCREATE TABLE "ar_internal_metadata" ("key" varchar NOT NULL PRIMARY KEY, "value" varchar, "created_at" datetime(6) NOT NULL, "updated_at" datetime(6) NOT NULL)[0m
  [1m[35m (0.2ms)[0m  [1m[34mSELECT "schema_migrations"."version" FROM "schema_migrations" ORDER BY "schema_migrations"."version" ASC[0m
Migrating to CreateMovies (20200130165435)
  [1m[35m (0.3ms)[0m  [1m[36mbegin transaction[0m
  [1m[35m (1.3ms)[0m  [1m[35mCREATE TABLE "movies" ("id" integer PRIMARY KEY AUTOINCREMENT NOT NULL, "title" varchar, "desc" text, "price" float, "picture" varchar, "created_at" datetime(6) NOT NULL, "updated_at" datetime(6) NOT NULL)[0m
  [1m[36mprimary::SchemaMigration Create (0.2ms)[0m  [1m[32mINSERT INTO "schema_migrations" ("version") VALUES (?)[0m  [["version", "20200130165435"]]
  [1m[35m (1.0ms)[0m  [1m[36mcommit transaction[0m
  [1m[36mActiveRecord::InternalMetadata Load (0.4ms)[0m  [1m[34mSELECT "ar_internal_metadata".* FROM "ar_internal_metadata" WHERE "ar_internal_metadata"."key" = ? LIMIT ?[0m  [["key", "environment"], ["LIMIT", 1]]
  [1m[35m (0.1ms)[0m  [1m[36mbegin transaction[0m
  [1m[36mActiveRecord::InternalMetadata Create (0.7ms)[0m  [1m[32mINSERT INTO "ar_internal_metadata" ("key", "value", "created_at", "updated_at") VALUES (?, ?, ?, ?)[0m  [["key", "environment"], ["value", "development"], ["created_at", "2020-01-30 17:05:50.076277"], ["updated_at", "2020-01-30 17:05:50.076277"]]
  [1m[35m (1.2ms)[0m  [1m[36mcommit transaction[0m
  [1m[35m (0.1ms)[0m  [1m[34mSELECT sqlite_version(*)[0m
  [1m[35m (0.1ms)[0m  [1m[34mSELECT "schema_migrations"."version" FROM "schema_migrations" ORDER BY "schema_migrations"."version" ASC[0m
Started GET "/" for ::1 at 2020-01-30 12:06:12 -0500
  [1m[35m (3.0ms)[0m  [1m[34mSELECT sqlite_version(*)[0m
  [1m[35m (0.5ms)[0m  [1m[34mSELECT "schema_migrations"."version" FROM "schema_migrations" ORDER BY "schema_migrations"."version" ASC[0m
Processing by Rails::WelcomeController#index as HTML
  Rendering /Users/cristianmendoza/.rvm/gems/ruby-2.6.3/gems/railties-6.0.2.1/lib/rails/templates/rails/welcome/index.html.erb
  Rendered /Users/cristianmendoza/.rvm/gems/ruby-2.6.3/gems/railties-6.0.2.1/lib/rails/templates/rails/welcome/index.html.erb (Duration: 9.3ms | Allocations: 481)
Completed 200 OK in 25ms (Views: 17.0ms | ActiveRecord: 0.0ms | Allocations: 2787)


Started GET "/movies" for ::1 at 2020-01-30 12:07:16 -0500
Processing by MoviesController#index as HTML
  Rendering movies/index.html.erb within layouts/application
  [1m[36mMovie Load (0.7ms)[0m  [1m[34mSELECT "movies".* FROM "movies"[0m
  ↳ app/views/movies/index.html.erb:17
  Rendered movies/index.html.erb within layouts/application (Duration: 7.6ms | Allocations: 1442)
[Webpacker] Compiling...
[Webpacker] Compiled all packs in /Users/cristianmendoza/Documents/projects/demos/rentmovie/public/packs
[Webpacker] Hash: 32e57f147dbdcbbf0c82
Version: webpack 4.41.5
Time: 2108ms
Built at: 01/30/2020 12:07:20 PM
                                     Asset       Size       Chunks                         Chunk Names
    js/application-bbe9c4a129ab949e0636.js    124 KiB  application  [emitted] [immutable]  application
js/application-bbe9c4a129ab949e0636.js.map    139 KiB  application  [emitted] [dev]        application
                             manifest.json  364 bytes               [emitted]              
Entrypoint application = js/application-bbe9c4a129ab949e0636.js js/application-bbe9c4a129ab949e0636.js.map
[./app/javascript/channels sync recursive _channel\.js$] ./app/javascript/channels sync _channel\.js$ 160 bytes {application} [built]
[./app/javascript/channels/index.js] 211 bytes {application} [built]
[./app/javascript/packs/application.js] 749 bytes {application} [built]
[./node_modules/webpack/buildin/module.js] (webpack)/buildin/module.js 552 bytes {application} [built]
    + 3 hidden modules

Completed 200 OK in 4247ms (Views: 4240.2ms | ActiveRecord: 2.0ms | Allocations: 24408)


Started GET "/movies/new" for ::1 at 2020-01-30 12:07:25 -0500
Processing by MoviesController#new as HTML
  Rendering movies/new.html.erb within layouts/application
  Rendered movies/_form.html.erb (Duration: 20.2ms | Allocations: 5807)
  Rendered movies/new.html.erb within layouts/application (Duration: 22.3ms | Allocations: 6165)
[Webpacker] Everything's up-to-date. Nothing to do
Completed 200 OK in 51ms (Views: 28.0ms | ActiveRecord: 5.4ms | Allocations: 14509)


Started POST "/movies" for ::1 at 2020-01-30 12:07:58 -0500
Processing by MoviesController#create as HTML
  Parameters: {"authenticity_token"=>"hCQCutRoMZmx1Z81R8lh91LC89PSVY1Ekq+kTwGRWFoYjDrSCRQwoJ5gScVt8ho27hY7COTmOM7mtpWtiST53Q==", "movie"=>{"title"=>"Bad Boys 1", "desc"=>"Bad Boys returned", "price"=>"3.00", "picture"=>""}, "commit"=>"Create Movie"}
  [1m[35m (0.1ms)[0m  [1m[36mbegin transaction[0m
  ↳ app/controllers/movies_controller.rb:30:in `block in create'
  [1m[36mMovie Create (1.7ms)[0m  [1m[32mINSERT INTO "movies" ("title", "desc", "price", "picture", "created_at", "updated_at") VALUES (?, ?, ?, ?, ?, ?)[0m  [["title", "Bad Boys 1"], ["desc", "Bad Boys returned"], ["price", 3.0], ["picture", ""], ["created_at", "2020-01-30 17:07:58.249960"], ["updated_at", "2020-01-30 17:07:58.249960"]]
  ↳ app/controllers/movies_controller.rb:30:in `block in create'
  [1m[35m (1.0ms)[0m  [1m[36mcommit transaction[0m
  ↳ app/controllers/movies_controller.rb:30:in `block in create'
Redirected to http://localhost:3000/movies/1
Completed 302 Found in 12ms (ActiveRecord: 2.8ms | Allocations: 2799)


Started GET "/movies/1" for ::1 at 2020-01-30 12:07:58 -0500
Processing by MoviesController#show as HTML
  Parameters: {"id"=>"1"}
  [1m[36mMovie Load (0.2ms)[0m  [1m[34mSELECT "movies".* FROM "movies" WHERE "movies"."id" = ? LIMIT ?[0m  [["id", 1], ["LIMIT", 1]]
  ↳ app/controllers/movies_controller.rb:67:in `set_movie'
  Rendering movies/show.html.erb within layouts/application
  Rendered movies/show.html.erb within layouts/application (Duration: 1.1ms | Allocations: 316)
[Webpacker] Everything's up-to-date. Nothing to do
Completed 200 OK in 11ms (Views: 6.3ms | ActiveRecord: 0.2ms | Allocations: 5320)


Started GET "/movies" for ::1 at 2020-01-30 12:08:00 -0500
Processing by MoviesController#index as HTML
  Rendering movies/index.html.erb within layouts/application
  [1m[36mMovie Load (0.7ms)[0m  [1m[34mSELECT "movies".* FROM "movies"[0m
  ↳ app/views/movies/index.html.erb:17
  Rendered movies/index.html.erb within layouts/application (Duration: 4.9ms | Allocations: 750)
[Webpacker] Everything's up-to-date. Nothing to do
Completed 200 OK in 16ms (Views: 13.7ms | ActiveRecord: 0.7ms | Allocations: 4685)


Started GET "/movies" for ::1 at 2020-01-30 12:40:06 -0500
  [1m[35m (0.1ms)[0m  [1m[34mSELECT sqlite_version(*)[0m
Processing by MoviesController#index as HTML
  Rendering movies/index.html.erb within layouts/application
  [1m[36mMovie Load (0.9ms)[0m  [1m[34mSELECT "movies".* FROM "movies"[0m
  ↳ app/views/movies/index.html.erb:17
  Rendered movies/index.html.erb within layouts/application (Duration: 8.8ms | Allocations: 1061)
[Webpacker] Everything's up-to-date. Nothing to do
Completed 200 OK in 33ms (Views: 29.3ms | ActiveRecord: 0.9ms | Allocations: 5947)


Started GET "/movies" for ::1 at 2020-01-30 12:41:00 -0500
Processing by MoviesController#index as HTML
  Rendering movies/index.html.erb within layouts/application
  [1m[36mMovie Load (0.2ms)[0m  [1m[34mSELECT "movies".* FROM "movies"[0m
  ↳ app/views/movies/index.html.erb:17
  Rendered movies/index.html.erb within layouts/application (Duration: 2.6ms | Allocations: 1030)
[Webpacker] Everything's up-to-date. Nothing to do
Completed 200 OK in 33ms (Views: 31.1ms | ActiveRecord: 0.2ms | Allocations: 11107)


Started GET "/movies" for ::1 at 2020-01-30 12:42:06 -0500
Processing by MoviesController#index as HTML
  Rendering movies/index.html.erb within layouts/application
  [1m[36mMovie Load (0.2ms)[0m  [1m[34mSELECT "movies".* FROM "movies"[0m
  ↳ app/views/movies/index.html.erb:17
  Rendered movies/index.html.erb within layouts/application (Duration: 2.8ms | Allocations: 1030)
[Webpacker] Everything's up-to-date. Nothing to do
Completed 200 OK in 16ms (Views: 14.0ms | ActiveRecord: 0.2ms | Allocations: 5903)


Started GET "/movies" for ::1 at 2020-01-30 12:53:02 -0500
  [1m[35m (1.5ms)[0m  [1m[34mSELECT sqlite_version(*)[0m
  [1m[35m (0.5ms)[0m  [1m[34mSELECT "schema_migrations"."version" FROM "schema_migrations" ORDER BY "schema_migrations"."version" ASC[0m
Processing by MoviesController#index as HTML
  Rendering movies/index.html.erb within layouts/application
  [1m[36mMovie Load (0.6ms)[0m  [1m[34mSELECT "movies".* FROM "movies"[0m
  ↳ app/views/movies/index.html.erb:17
  Rendered movies/index.html.erb within layouts/application (Duration: 13.5ms | Allocations: 6036)
[Webpacker] Everything's up-to-date. Nothing to do
Completed 200 OK in 96ms (Views: 64.7ms | ActiveRecord: 1.1ms | Allocations: 18868)


Started GET "/movies/new" for ::1 at 2020-01-30 12:53:07 -0500
Processing by MoviesController#new as HTML
  Rendering movies/new.html.erb within layouts/application
  Rendered movies/_form.html.erb (Duration: 19.9ms | Allocations: 3585)
  Rendered movies/new.html.erb within layouts/application (Duration: 24.0ms | Allocations: 3938)
[Webpacker] Everything's up-to-date. Nothing to do
Completed 200 OK in 38ms (Views: 33.1ms | ActiveRecord: 0.0ms | Allocations: 8024)


Started GET "/movies" for ::1 at 2020-01-30 12:53:14 -0500
Processing by MoviesController#index as HTML
  Rendering movies/index.html.erb within layouts/application
  [1m[36mMovie Load (0.2ms)[0m  [1m[34mSELECT "movies".* FROM "movies"[0m
  ↳ app/views/movies/index.html.erb:17
  Rendered movies/index.html.erb within layouts/application (Duration: 4.2ms | Allocations: 766)
[Webpacker] Everything's up-to-date. Nothing to do
Completed 200 OK in 37ms (Views: 24.8ms | ActiveRecord: 0.2ms | Allocations: 4696)


Started DELETE "/movies/1" for ::1 at 2020-01-30 12:53:17 -0500
Processing by MoviesController#destroy as HTML
  Parameters: {"authenticity_token"=>"dJ9FsDuyWgW5ysOTBd5Bog+Hj16ONOsF54bbDaaEMwnxRpyUkAOQEZQ96FTJomRfx05ToIFFjN3lNZVa1awryw==", "id"=>"1"}
  [1m[36mMovie Load (0.3ms)[0m  [1m[34mSELECT "movies".* FROM "movies" WHERE "movies"."id" = ? LIMIT ?[0m  [["id", 1], ["LIMIT", 1]]
  ↳ app/controllers/movies_controller.rb:67:in `set_movie'
  [1m[35m (0.1ms)[0m  [1m[36mbegin transaction[0m
  ↳ app/controllers/movies_controller.rb:57:in `destroy'
  [1m[36mMovie Destroy (0.4ms)[0m  [1m[31mDELETE FROM "movies" WHERE "movies"."id" = ?[0m  [["id", 1]]
  ↳ app/controllers/movies_controller.rb:57:in `destroy'
  [1m[35m (0.8ms)[0m  [1m[36mcommit transaction[0m
  ↳ app/controllers/movies_controller.rb:57:in `destroy'
Redirected to http://localhost:3000/movies
Completed 302 Found in 17ms (ActiveRecord: 1.5ms | Allocations: 3235)


Started GET "/movies" for ::1 at 2020-01-30 12:53:17 -0500
Processing by MoviesController#index as HTML
  Rendering movies/index.html.erb within layouts/application
  [1m[36mMovie Load (0.2ms)[0m  [1m[34mSELECT "movies".* FROM "movies"[0m
  ↳ app/views/movies/index.html.erb:17
  Rendered movies/index.html.erb within layouts/application (Duration: 2.4ms | Allocations: 604)
[Webpacker] Everything's up-to-date. Nothing to do
Completed 200 OK in 16ms (Views: 14.2ms | ActiveRecord: 0.2ms | Allocations: 4542)


Started GET "/movies/new" for ::1 at 2020-01-30 12:53:19 -0500
Processing by MoviesController#new as HTML
  Rendering movies/new.html.erb within layouts/application
  Rendered movies/_form.html.erb (Duration: 7.1ms | Allocations: 1091)
  Rendered movies/new.html.erb within layouts/application (Duration: 7.5ms | Allocations: 1177)
[Webpacker] Everything's up-to-date. Nothing to do
Completed 200 OK in 28ms (Views: 24.2ms | ActiveRecord: 0.0ms | Allocations: 5103)


Started POST "/movies" for ::1 at 2020-01-30 12:54:04 -0500
Processing by MoviesController#create as HTML
  Parameters: {"authenticity_token"=>"sRkvD0hiby/0O7RRLwSF4OXTLHyPZewGWqBy9bUIBsotsRdnlR5uFtuOYqEFP/4hWQfkp7nWWYwuuUMXPb2nTQ==", "movie"=>{"title"=>"Bad Boys 1", "desc"=>" Bad Boys returned", "price"=>"3.00", "picture"=>#<ActionDispatch::Http::UploadedFile:0x00007fcd674de6a8 @tempfile=#<Tempfile:/var/folders/dm/0zqjbqf14qs842np0x4r1fxw0000gn/T/RackMultipart20200130-3428-hznaj4.jpg>, @original_filename="bad_boys1.jpg", @content_type="image/jpeg", @headers="Content-Disposition: form-data; name=\"movie[picture]\"; filename=\"bad_boys1.jpg\"\r\nContent-Type: image/jpeg\r\n">}, "commit"=>"Create Movie"}
  [1m[35m (0.1ms)[0m  [1m[36mbegin transaction[0m
  ↳ app/controllers/movies_controller.rb:30:in `block in create'
  [1m[36mMovie Create (1.9ms)[0m  [1m[32mINSERT INTO "movies" ("title", "desc", "price", "picture", "created_at", "updated_at") VALUES (?, ?, ?, ?, ?, ?)[0m  [["title", "Bad Boys 1"], ["desc", " Bad Boys returned"], ["price", 3.0], ["picture", "bad_boys1.jpg"], ["created_at", "2020-01-30 17:54:04.595810"], ["updated_at", "2020-01-30 17:54:04.595810"]]
  ↳ app/controllers/movies_controller.rb:30:in `block in create'
  [1m[35m (0.9ms)[0m  [1m[36mcommit transaction[0m
  ↳ app/controllers/movies_controller.rb:30:in `block in create'
Redirected to http://localhost:3000/movies/2
Completed 302 Found in 18ms (ActiveRecord: 3.0ms | Allocations: 9315)


Started GET "/movies/2" for ::1 at 2020-01-30 12:54:04 -0500
Processing by MoviesController#show as HTML
  Parameters: {"id"=>"2"}
  [1m[36mMovie Load (0.3ms)[0m  [1m[34mSELECT "movies".* FROM "movies" WHERE "movies"."id" = ? LIMIT ?[0m  [["id", 2], ["LIMIT", 1]]
  ↳ app/controllers/movies_controller.rb:67:in `set_movie'
  Rendering movies/show.html.erb within layouts/application
  Rendered movies/show.html.erb within layouts/application (Duration: 1.5ms | Allocations: 428)
[Webpacker] Everything's up-to-date. Nothing to do
Completed 200 OK in 17ms (Views: 12.1ms | ActiveRecord: 0.3ms | Allocations: 5018)


Started GET "/movies" for ::1 at 2020-01-30 12:54:13 -0500
Processing by MoviesController#index as HTML
  Rendering movies/index.html.erb within layouts/application
  [1m[36mMovie Load (0.2ms)[0m  [1m[34mSELECT "movies".* FROM "movies"[0m
  ↳ app/views/movies/index.html.erb:17
  Rendered movies/index.html.erb within layouts/application (Duration: 2.1ms | Allocations: 835)
[Webpacker] Everything's up-to-date. Nothing to do
Completed 200 OK in 19ms (Views: 18.1ms | ActiveRecord: 0.2ms | Allocations: 4752)


Started GET "/" for ::1 at 2020-01-30 12:55:17 -0500
  [1m[35m (0.1ms)[0m  [1m[34mSELECT sqlite_version(*)[0m
Started GET "/movies" for ::1 at 2020-01-30 12:55:17 -0500
Processing by MoviesController#index as HTML
  Rendering movies/index.html.erb within layouts/application
  [1m[36mMovie Load (0.2ms)[0m  [1m[34mSELECT "movies".* FROM "movies"[0m
  ↳ app/views/movies/index.html.erb:17
  Rendered movies/index.html.erb within layouts/application (Duration: 6.9ms | Allocations: 5423)
[Webpacker] Everything's up-to-date. Nothing to do
Completed 200 OK in 32ms (Views: 25.4ms | ActiveRecord: 0.6ms | Allocations: 10778)


Started GET "/movies" for ::1 at 2020-01-30 12:56:25 -0500
Processing by MoviesController#index as HTML
  Rendering movies/index.html.erb within layouts/application
  [1m[36mMovie Load (0.2ms)[0m  [1m[34mSELECT "movies".* FROM "movies"[0m
  ↳ app/views/movies/index.html.erb:17
  Rendered movies/index.html.erb within layouts/application (Duration: 8.7ms | Allocations: 1134)
[Webpacker] Everything's up-to-date. Nothing to do
Completed 200 OK in 18ms (Views: 16.2ms | ActiveRecord: 0.2ms | Allocations: 6015)


Started GET "/movies" for ::1 at 2020-01-30 12:56:43 -0500
Processing by MoviesController#index as HTML
  Rendering movies/index.html.erb within layouts/application
  [1m[36mMovie Load (0.2ms)[0m  [1m[34mSELECT "movies".* FROM "movies"[0m
  ↳ app/views/movies/index.html.erb:17
  Rendered movies/index.html.erb within layouts/application (Duration: 3.1ms | Allocations: 1129)
[Webpacker] Everything's up-to-date. Nothing to do
Completed 200 OK in 15ms (Views: 12.9ms | ActiveRecord: 0.2ms | Allocations: 6005)


Started GET "/movies" for ::1 at 2020-01-30 12:56:46 -0500
Processing by MoviesController#index as HTML
  Rendering movies/index.html.erb within layouts/application
  [1m[36mMovie Load (0.2ms)[0m  [1m[34mSELECT "movies".* FROM "movies"[0m
  ↳ app/views/movies/index.html.erb:17
  Rendered movies/index.html.erb within layouts/application (Duration: 2.3ms | Allocations: 841)
[Webpacker] Everything's up-to-date. Nothing to do
Completed 200 OK in 12ms (Views: 10.7ms | ActiveRecord: 0.2ms | Allocations: 4765)


Started GET "/movies" for ::1 at 2020-01-30 12:56:47 -0500
Processing by MoviesController#index as HTML
  Rendering movies/index.html.erb within layouts/application
  [1m[36mMovie Load (0.2ms)[0m  [1m[34mSELECT "movies".* FROM "movies"[0m
  ↳ app/views/movies/index.html.erb:17
  Rendered movies/index.html.erb within layouts/application (Duration: 1.8ms | Allocations: 832)
[Webpacker] Everything's up-to-date. Nothing to do
Completed 200 OK in 8ms (Views: 6.4ms | ActiveRecord: 0.2ms | Allocations: 4755)


Started GET "/movies" for ::1 at 2020-01-30 12:56:47 -0500
Processing by MoviesController#index as HTML
  Rendering movies/index.html.erb within layouts/application
  [1m[36mMovie Load (0.2ms)[0m  [1m[34mSELECT "movies".* FROM "movies"[0m
  ↳ app/views/movies/index.html.erb:17
  Rendered movies/index.html.erb within layouts/application (Duration: 2.0ms | Allocations: 832)
[Webpacker] Everything's up-to-date. Nothing to do
Completed 200 OK in 8ms (Views: 7.0ms | ActiveRecord: 0.2ms | Allocations: 4750)


Started GET "/movies" for ::1 at 2020-01-30 12:56:47 -0500
Processing by MoviesController#index as HTML
  Rendering movies/index.html.erb within layouts/application
  [1m[36mMovie Load (0.1ms)[0m  [1m[34mSELECT "movies".* FROM "movies"[0m
  ↳ app/views/movies/index.html.erb:17
  Rendered movies/index.html.erb within layouts/application (Duration: 2.3ms | Allocations: 832)
[Webpacker] Everything's up-to-date. Nothing to do
Completed 200 OK in 16ms (Views: 15.4ms | ActiveRecord: 0.1ms | Allocations: 4750)


Started GET "/movies" for ::1 at 2020-01-30 12:57:28 -0500
Processing by MoviesController#index as HTML
  Rendering movies/index.html.erb within layouts/application
  [1m[36mMovie Load (0.2ms)[0m  [1m[34mSELECT "movies".* FROM "movies"[0m
  ↳ app/views/movies/index.html.erb:17
  Rendered movies/index.html.erb within layouts/application (Duration: 2.3ms | Allocations: 832)
[Webpacker] Everything's up-to-date. Nothing to do
Completed 200 OK in 16ms (Views: 15.0ms | ActiveRecord: 0.2ms | Allocations: 4746)


Started GET "/movies" for ::1 at 2020-01-30 12:58:03 -0500
Processing by MoviesController#index as HTML
  Rendering movies/index.html.erb within layouts/application
  [1m[36mMovie Load (0.2ms)[0m  [1m[34mSELECT "movies".* FROM "movies"[0m
  ↳ app/views/movies/index.html.erb:17
  Rendered movies/index.html.erb within layouts/application (Duration: 8.1ms | Allocations: 1129)
[Webpacker] Everything's up-to-date. Nothing to do
Completed 200 OK in 20ms (Views: 18.3ms | ActiveRecord: 0.2ms | Allocations: 6006)


Started GET "/movies" for ::1 at 2020-01-30 12:59:52 -0500
Processing by MoviesController#index as HTML
  Rendering movies/index.html.erb within layouts/application
  [1m[36mMovie Load (0.2ms)[0m  [1m[34mSELECT "movies".* FROM "movies"[0m
  ↳ app/views/movies/index.html.erb:17
  Rendered movies/index.html.erb within layouts/application (Duration: 2.9ms | Allocations: 1129)
[Webpacker] Everything's up-to-date. Nothing to do
Completed 200 OK in 15ms (Views: 13.2ms | ActiveRecord: 0.2ms | Allocations: 6002)


Started GET "/movies" for ::1 at 2020-01-30 13:00:07 -0500
Processing by MoviesController#index as HTML
  Rendering movies/index.html.erb within layouts/application
  [1m[36mMovie Load (0.2ms)[0m  [1m[34mSELECT "movies".* FROM "movies"[0m
  ↳ app/views/movies/index.html.erb:17
  Rendered movies/index.html.erb within layouts/application (Duration: 9.5ms | Allocations: 1129)
[Webpacker] Everything's up-to-date. Nothing to do
Completed 200 OK in 21ms (Views: 19.6ms | ActiveRecord: 0.2ms | Allocations: 6004)


Started GET "/movies" for ::1 at 2020-01-30 13:00:31 -0500
Processing by MoviesController#index as HTML
  Rendering movies/index.html.erb within layouts/application
  [1m[36mMovie Load (0.2ms)[0m  [1m[34mSELECT "movies".* FROM "movies"[0m
  ↳ app/views/movies/index.html.erb:17
  Rendered movies/index.html.erb within layouts/application (Duration: 3.5ms | Allocations: 1129)
[Webpacker] Everything's up-to-date. Nothing to do
Completed 200 OK in 15ms (Views: 13.7ms | ActiveRecord: 0.2ms | Allocations: 6002)


Started GET "/ideas" for ::1 at 2020-01-30 13:00:33 -0500
  
ActionController::RoutingError (No route matches [GET] "/ideas"):
  
actionpack (6.0.2.1) lib/action_dispatch/middleware/debug_exceptions.rb:36:in `call'
web-console (4.0.1) lib/web_console/middleware.rb:132:in `call_app'
web-console (4.0.1) lib/web_console/middleware.rb:28:in `block in call'
web-console (4.0.1) lib/web_console/middleware.rb:17:in `catch'
web-console (4.0.1) lib/web_console/middleware.rb:17:in `call'
actionpack (6.0.2.1) lib/action_dispatch/middleware/show_exceptions.rb:33:in `call'
railties (6.0.2.1) lib/rails/rack/logger.rb:38:in `call_app'
railties (6.0.2.1) lib/rails/rack/logger.rb:26:in `block in call'
activesupport (6.0.2.1) lib/active_support/tagged_logging.rb:80:in `block in tagged'
activesupport (6.0.2.1) lib/active_support/tagged_logging.rb:28:in `tagged'
activesupport (6.0.2.1) lib/active_support/tagged_logging.rb:80:in `tagged'
railties (6.0.2.1) lib/rails/rack/logger.rb:26:in `call'
sprockets-rails (3.2.1) lib/sprockets/rails/quiet_assets.rb:13:in `call'
actionpack (6.0.2.1) lib/action_dispatch/middleware/remote_ip.rb:81:in `call'
actionpack (6.0.2.1) lib/action_dispatch/middleware/request_id.rb:27:in `call'
rack (2.1.2) lib/rack/method_override.rb:24:in `call'
rack (2.1.2) lib/rack/runtime.rb:24:in `call'
activesupport (6.0.2.1) lib/active_support/cache/strategy/local_cache_middleware.rb:29:in `call'
actionpack (6.0.2.1) lib/action_dispatch/middleware/executor.rb:14:in `call'
actionpack (6.0.2.1) lib/action_dispatch/middleware/static.rb:126:in `call'
rack (2.1.2) lib/rack/sendfile.rb:113:in `call'
actionpack (6.0.2.1) lib/action_dispatch/middleware/host_authorization.rb:83:in `call'
webpacker (4.2.2) lib/webpacker/dev_server_proxy.rb:23:in `perform_request'
rack-proxy (0.6.5) lib/rack/proxy.rb:57:in `call'
railties (6.0.2.1) lib/rails/engine.rb:526:in `call'
puma (4.3.1) lib/puma/configuration.rb:228:in `call'
puma (4.3.1) lib/puma/server.rb:681:in `handle_request'
puma (4.3.1) lib/puma/server.rb:472:in `process_client'
puma (4.3.1) lib/puma/server.rb:328:in `block in run'
puma (4.3.1) lib/puma/thread_pool.rb:134:in `block in spawn_thread'
Started GET "/movies" for ::1 at 2020-01-30 13:00:35 -0500
Processing by MoviesController#index as HTML
  Rendering movies/index.html.erb within layouts/application
  [1m[36mMovie Load (0.2ms)[0m  [1m[34mSELECT "movies".* FROM "movies"[0m
  ↳ app/views/movies/index.html.erb:17
  Rendered movies/index.html.erb within layouts/application (Duration: 1.9ms | Allocations: 865)
[Webpacker] Everything's up-to-date. Nothing to do
Completed 200 OK in 9ms (Views: 7.3ms | ActiveRecord: 0.2ms | Allocations: 4831)


Started GET "/movies" for ::1 at 2020-01-30 13:00:41 -0500
Processing by MoviesController#index as HTML
  Rendering movies/index.html.erb within layouts/application
  [1m[36mMovie Load (0.4ms)[0m  [1m[34mSELECT "movies".* FROM "movies"[0m
  ↳ app/views/movies/index.html.erb:17
  Rendered movies/index.html.erb within layouts/application (Duration: 4.9ms | Allocations: 1129)
[Webpacker] Everything's up-to-date. Nothing to do
Completed 200 OK in 16ms (Views: 14.5ms | ActiveRecord: 0.4ms | Allocations: 6014)


Started GET "/movies" for ::1 at 2020-01-30 13:00:43 -0500
Processing by MoviesController#index as HTML
  Rendering movies/index.html.erb within layouts/application
  [1m[36mMovie Load (0.2ms)[0m  [1m[34mSELECT "movies".* FROM "movies"[0m
  ↳ app/views/movies/index.html.erb:17
  Rendered movies/index.html.erb within layouts/application (Duration: 2.0ms | Allocations: 841)
[Webpacker] Everything's up-to-date. Nothing to do
Completed 200 OK in 11ms (Views: 10.6ms | ActiveRecord: 0.2ms | Allocations: 4763)


Started GET "/movies" for ::1 at 2020-01-30 13:00:43 -0500
Processing by MoviesController#index as HTML
  Rendering movies/index.html.erb within layouts/application
  [1m[36mMovie Load (0.4ms)[0m  [1m[34mSELECT "movies".* FROM "movies"[0m
  ↳ app/views/movies/index.html.erb:17
  Rendered movies/index.html.erb within layouts/application (Duration: 2.6ms | Allocations: 839)
[Webpacker] Everything's up-to-date. Nothing to do
Completed 200 OK in 13ms (Views: 11.5ms | ActiveRecord: 0.4ms | Allocations: 4759)


Started GET "/movies" for ::1 at 2020-01-30 13:00:44 -0500
Processing by MoviesController#index as HTML
  Rendering movies/index.html.erb within layouts/application
  [1m[36mMovie Load (0.1ms)[0m  [1m[34mSELECT "movies".* FROM "movies"[0m
  ↳ app/views/movies/index.html.erb:17
  Rendered movies/index.html.erb within layouts/application (Duration: 1.8ms | Allocations: 832)
[Webpacker] Everything's up-to-date. Nothing to do
Completed 200 OK in 11ms (Views: 9.7ms | ActiveRecord: 0.1ms | Allocations: 4751)


Started GET "/movies" for ::1 at 2020-01-30 13:00:44 -0500
Processing by MoviesController#index as HTML
  Rendering movies/index.html.erb within layouts/application
  [1m[36mMovie Load (0.1ms)[0m  [1m[34mSELECT "movies".* FROM "movies"[0m
  ↳ app/views/movies/index.html.erb:17
  Rendered movies/index.html.erb within layouts/application (Duration: 2.0ms | Allocations: 832)
[Webpacker] Everything's up-to-date. Nothing to do
Completed 200 OK in 10ms (Views: 8.8ms | ActiveRecord: 0.1ms | Allocations: 4751)


Started GET "/movies" for ::1 at 2020-01-30 13:00:44 -0500
Processing by MoviesController#index as HTML
  Rendering movies/index.html.erb within layouts/application
  [1m[36mMovie Load (0.3ms)[0m  [1m[34mSELECT "movies".* FROM "movies"[0m
  ↳ app/views/movies/index.html.erb:17
  Rendered movies/index.html.erb within layouts/application (Duration: 3.6ms | Allocations: 832)
[Webpacker] Everything's up-to-date. Nothing to do
Completed 200 OK in 14ms (Views: 12.4ms | ActiveRecord: 0.3ms | Allocations: 4754)


Started GET "/movies" for ::1 at 2020-01-30 13:00:44 -0500
Processing by MoviesController#index as HTML
  Rendering movies/index.html.erb within layouts/application
  [1m[36mMovie Load (0.2ms)[0m  [1m[34mSELECT "movies".* FROM "movies"[0m
  ↳ app/views/movies/index.html.erb:17
  Rendered movies/index.html.erb within layouts/application (Duration: 1.8ms | Allocations: 832)
[Webpacker] Everything's up-to-date. Nothing to do
Completed 200 OK in 11ms (Views: 9.1ms | ActiveRecord: 0.2ms | Allocations: 4753)


Started GET "/movies" for ::1 at 2020-01-30 13:00:45 -0500
Processing by MoviesController#index as HTML
  Rendering movies/index.html.erb within layouts/application
  [1m[36mMovie Load (0.1ms)[0m  [1m[34mSELECT "movies".* FROM "movies"[0m
  ↳ app/views/movies/index.html.erb:17
  Rendered movies/index.html.erb within layouts/application (Duration: 1.9ms | Allocations: 832)
[Webpacker] Everything's up-to-date. Nothing to do
Completed 200 OK in 10ms (Views: 9.3ms | ActiveRecord: 0.1ms | Allocations: 4754)


Started GET "/movies" for ::1 at 2020-01-30 13:00:45 -0500
Processing by MoviesController#index as HTML
  Rendering movies/index.html.erb within layouts/application
  [1m[36mMovie Load (0.1ms)[0m  [1m[34mSELECT "movies".* FROM "movies"[0m
  ↳ app/views/movies/index.html.erb:17
  Rendered movies/index.html.erb within layouts/application (Duration: 1.3ms | Allocations: 832)
[Webpacker] Everything's up-to-date. Nothing to do
Completed 200 OK in 12ms (Views: 11.2ms | ActiveRecord: 0.1ms | Allocations: 4761)


Started GET "/movies" for ::1 at 2020-01-30 14:26:10 -0500
  [1m[35m (0.1ms)[0m  [1m[34mSELECT sqlite_version(*)[0m
Processing by MoviesController#index as HTML
  Rendering movies/index.html.erb within layouts/application
  [1m[36mMovie Load (0.5ms)[0m  [1m[34mSELECT "movies".* FROM "movies"[0m
  ↳ app/views/movies/index.html.erb:5
  Rendered movies/index.html.erb within layouts/application (Duration: 5.4ms | Allocations: 1283)
[Webpacker] Everything's up-to-date. Nothing to do
Completed 200 OK in 26ms (Views: 22.2ms | ActiveRecord: 0.5ms | Allocations: 6163)


Started GET "/movies" for ::1 at 2020-01-30 14:28:01 -0500
Processing by MoviesController#index as HTML
  Rendering movies/index.html.erb within layouts/application
  [1m[36mMovie Load (0.1ms)[0m  [1m[34mSELECT "movies".* FROM "movies"[0m
  ↳ app/views/movies/index.html.erb:5
  Rendered movies/index.html.erb within layouts/application (Duration: 1.4ms | Allocations: 902)
[Webpacker] Everything's up-to-date. Nothing to do
Completed 200 OK in 13ms (Views: 11.6ms | ActiveRecord: 0.1ms | Allocations: 5774)


Started GET "/movies" for ::1 at 2020-01-30 14:28:18 -0500
Processing by MoviesController#index as HTML
  Rendering movies/index.html.erb within layouts/application
  [1m[36mMovie Load (0.2ms)[0m  [1m[34mSELECT "movies".* FROM "movies"[0m
  ↳ app/views/movies/index.html.erb:5
  Rendered movies/index.html.erb within layouts/application (Duration: 3.6ms | Allocations: 920)
[Webpacker] Everything's up-to-date. Nothing to do
Completed 200 OK in 15ms (Views: 12.9ms | ActiveRecord: 0.2ms | Allocations: 5794)


Started GET "/movies" for ::1 at 2020-01-30 14:28:43 -0500
Processing by MoviesController#index as HTML
  Rendering movies/index.html.erb within layouts/application
  [1m[36mMovie Load (0.2ms)[0m  [1m[34mSELECT "movies".* FROM "movies"[0m
  ↳ app/views/movies/index.html.erb:5
  Rendered movies/index.html.erb within layouts/application (Duration: 3.1ms | Allocations: 955)
[Webpacker] Everything's up-to-date. Nothing to do
Completed 200 OK in 15ms (Views: 13.0ms | ActiveRecord: 0.2ms | Allocations: 5829)


Started GET "/movies" for ::1 at 2020-01-30 14:28:51 -0500
Processing by MoviesController#index as HTML
  Rendering movies/index.html.erb within layouts/application
  [1m[36mMovie Load (0.2ms)[0m  [1m[34mSELECT "movies".* FROM "movies"[0m
  ↳ app/views/movies/index.html.erb:5
  Rendered movies/index.html.erb within layouts/application (Duration: 4.0ms | Allocations: 953)
[Webpacker] Everything's up-to-date. Nothing to do
Completed 200 OK in 19ms (Views: 17.2ms | ActiveRecord: 0.2ms | Allocations: 5823)


Started GET "/movies" for ::1 at 2020-01-30 14:36:57 -0500
  [1m[35m (0.1ms)[0m  [1m[34mSELECT sqlite_version(*)[0m
Processing by MoviesController#index as HTML
  Rendering movies/index.html.erb within layouts/application
  [1m[36mMovie Load (0.5ms)[0m  [1m[34mSELECT "movies".* FROM "movies"[0m
  ↳ app/views/movies/index.html.erb:5
  Rendered movies/index.html.erb within layouts/application (Duration: 4.2ms | Allocations: 1324)
[Webpacker] Everything's up-to-date. Nothing to do
Completed 200 OK in 48ms (Views: 46.6ms | ActiveRecord: 0.5ms | Allocations: 6197)


Started GET "/movies" for ::1 at 2020-01-30 14:37:08 -0500
Processing by MoviesController#index as HTML
  Rendering movies/index.html.erb within layouts/application
  [1m[36mMovie Load (0.2ms)[0m  [1m[34mSELECT "movies".* FROM "movies"[0m
  ↳ app/views/movies/index.html.erb:5
  Rendered movies/index.html.erb within layouts/application (Duration: 4.1ms | Allocations: 1232)
[Webpacker] Everything's up-to-date. Nothing to do
Completed 200 OK in 16ms (Views: 14.0ms | ActiveRecord: 0.2ms | Allocations: 6103)


Started GET "/movies" for ::1 at 2020-01-30 14:38:07 -0500
Processing by MoviesController#index as HTML
  Rendering movies/index.html.erb within layouts/application
  [1m[36mMovie Load (0.2ms)[0m  [1m[34mSELECT "movies".* FROM "movies"[0m
  ↳ app/views/movies/index.html.erb:5
  Rendered movies/index.html.erb within layouts/application (Duration: 4.5ms | Allocations: 1227)
[Webpacker] Everything's up-to-date. Nothing to do
Completed 200 OK in 21ms (Views: 19.7ms | ActiveRecord: 0.2ms | Allocations: 6100)


Started GET "/movies" for ::1 at 2020-01-30 14:39:30 -0500
Processing by MoviesController#index as HTML
  Rendering movies/index.html.erb within layouts/application
  [1m[36mMovie Load (0.2ms)[0m  [1m[34mSELECT "movies".* FROM "movies"[0m
  ↳ app/views/movies/index.html.erb:5
  Rendered movies/index.html.erb within layouts/application (Duration: 3.4ms | Allocations: 1228)
[Webpacker] Everything's up-to-date. Nothing to do
Completed 200 OK in 23ms (Views: 21.7ms | ActiveRecord: 0.2ms | Allocations: 6097)


Started GET "/movies" for ::1 at 2020-01-30 14:42:25 -0500
Processing by MoviesController#index as HTML
  Rendering movies/index.html.erb within layouts/application
  [1m[36mMovie Load (0.3ms)[0m  [1m[34mSELECT "movies".* FROM "movies"[0m
  ↳ app/views/movies/index.html.erb:5
  Rendered movies/index.html.erb within layouts/application (Duration: 3.6ms | Allocations: 1236)
[Webpacker] Everything's up-to-date. Nothing to do
Completed 200 OK in 14ms (Views: 12.9ms | ActiveRecord: 0.3ms | Allocations: 6103)


Started GET "/movies/new" for ::1 at 2020-01-30 14:42:37 -0500
Processing by MoviesController#new as HTML
  Rendering movies/new.html.erb within layouts/application
  Rendered movies/_form.html.erb (Duration: 5.7ms | Allocations: 1513)
  Rendered movies/new.html.erb within layouts/application (Duration: 7.7ms | Allocations: 1856)
[Webpacker] Everything's up-to-date. Nothing to do
Completed 200 OK in 16ms (Views: 13.7ms | ActiveRecord: 0.0ms | Allocations: 5937)


Started GET "/movies" for ::1 at 2020-01-30 14:42:41 -0500
Processing by MoviesController#index as HTML
  Rendering movies/index.html.erb within layouts/application
  [1m[36mMovie Load (0.3ms)[0m  [1m[34mSELECT "movies".* FROM "movies"[0m
  ↳ app/views/movies/index.html.erb:5
  Rendered movies/index.html.erb within layouts/application (Duration: 3.7ms | Allocations: 842)
[Webpacker] Everything's up-to-date. Nothing to do
Completed 200 OK in 14ms (Views: 13.1ms | ActiveRecord: 0.3ms | Allocations: 4762)


Started GET "/movies" for ::1 at 2020-01-30 14:42:50 -0500
Processing by MoviesController#index as HTML
  Rendering movies/index.html.erb within layouts/application
  [1m[36mMovie Load (0.2ms)[0m  [1m[34mSELECT "movies".* FROM "movies"[0m
  ↳ app/views/movies/index.html.erb:5
  Rendered movies/index.html.erb within layouts/application (Duration: 4.5ms | Allocations: 1233)
[Webpacker] Everything's up-to-date. Nothing to do
Completed 200 OK in 19ms (Views: 17.4ms | ActiveRecord: 0.2ms | Allocations: 6102)


Started GET "/movies" for ::1 at 2020-01-30 14:43:03 -0500
Processing by MoviesController#index as HTML
  Rendering movies/index.html.erb within layouts/application
  [1m[36mMovie Load (0.2ms)[0m  [1m[34mSELECT "movies".* FROM "movies"[0m
  ↳ app/views/movies/index.html.erb:5
  Rendered movies/index.html.erb within layouts/application (Duration: 3.4ms | Allocations: 1233)
[Webpacker] Everything's up-to-date. Nothing to do
Completed 200 OK in 20ms (Views: 18.5ms | ActiveRecord: 0.2ms | Allocations: 6102)


Started GET "/movies/new" for ::1 at 2020-01-30 15:18:28 -0500
  [1m[35m (0.3ms)[0m  [1m[34mSELECT sqlite_version(*)[0m
Processing by MoviesController#new as HTML
  Rendering movies/new.html.erb within layouts/application
  Rendered movies/_form.html.erb (Duration: 10.6ms | Allocations: 1494)
  Rendered movies/new.html.erb within layouts/application (Duration: 14.2ms | Allocations: 1836)
[Webpacker] Everything's up-to-date. Nothing to do
Completed 200 OK in 100ms (Views: 93.6ms | ActiveRecord: 0.0ms | Allocations: 5911)


Started POST "/movies" for ::1 at 2020-01-30 15:21:13 -0500
Processing by MoviesController#create as HTML
  Parameters: {"authenticity_token"=>"12O/31wt/DsCou07GX7+Rdj0Xim6URxS7G4g4QRU5hRLy4e3gVH9Ai0XO8szRYWEZCCW8oziqdiYdxEDjOFHkw==", "movie"=>{"title"=>"Dolittle", "desc"=>"El Dr. John Dolittle vive solo detrás de los muros de su exuberante mansión en la Inglaterra del siglo XIX. Su única compañía proviene de una variedad de animales exóticos con los que habla a diario. Pero cuando la joven reina Victoria\r\n", "price"=>"10.00", "picture"=>#<ActionDispatch::Http::UploadedFile:0x00007fcd65469ad0 @tempfile=#<Tempfile:/var/folders/dm/0zqjbqf14qs842np0x4r1fxw0000gn/T/RackMultipart20200130-3428-95lybm.jpeg>, @original_filename="dolittle.jpeg", @content_type="image/jpeg", @headers="Content-Disposition: form-data; name=\"movie[picture]\"; filename=\"dolittle.jpeg\"\r\nContent-Type: image/jpeg\r\n">}, "commit"=>"Create Movie"}
  [1m[35m (0.7ms)[0m  [1m[36mbegin transaction[0m
  ↳ app/controllers/movies_controller.rb:30:in `block in create'
  [1m[36mMovie Create (2.2ms)[0m  [1m[32mINSERT INTO "movies" ("title", "desc", "price", "picture", "created_at", "updated_at") VALUES (?, ?, ?, ?, ?, ?)[0m  [["title", "Dolittle"], ["desc", "El Dr. John Dolittle vive solo detrás de los muros de su exuberante mansión en la Inglaterra del siglo XIX. Su única compañía proviene de una variedad de animales exóticos con los que habla a diario. Pero cuando la joven reina Victoria\r\n"], ["price", 10.0], ["picture", "dolittle.jpeg"], ["created_at", "2020-01-30 20:21:13.393094"], ["updated_at", "2020-01-30 20:21:13.393094"]]
  ↳ app/controllers/movies_controller.rb:30:in `block in create'
  [1m[35m (1.0ms)[0m  [1m[36mcommit transaction[0m
  ↳ app/controllers/movies_controller.rb:30:in `block in create'
Redirected to http://localhost:3000/movies/3
Completed 302 Found in 47ms (ActiveRecord: 3.8ms | Allocations: 3710)


Started GET "/movies/3" for ::1 at 2020-01-30 15:21:13 -0500
Processing by MoviesController#show as HTML
  Parameters: {"id"=>"3"}
  [1m[36mMovie Load (0.3ms)[0m  [1m[34mSELECT "movies".* FROM "movies" WHERE "movies"."id" = ? LIMIT ?[0m  [["id", 3], ["LIMIT", 1]]
  ↳ app/controllers/movies_controller.rb:67:in `set_movie'
  Rendering movies/show.html.erb within layouts/application
  Rendered movies/show.html.erb within layouts/application (Duration: 2.6ms | Allocations: 408)
[Webpacker] Everything's up-to-date. Nothing to do
Completed 200 OK in 31ms (Views: 24.2ms | ActiveRecord: 0.3ms | Allocations: 5117)


Started GET "/movies" for ::1 at 2020-01-30 15:21:17 -0500
Processing by MoviesController#index as HTML
  Rendering movies/index.html.erb within layouts/application
  [1m[36mMovie Load (0.3ms)[0m  [1m[34mSELECT "movies".* FROM "movies"[0m
  ↳ app/views/movies/index.html.erb:5
  Rendered movies/index.html.erb within layouts/application (Duration: 4.4ms | Allocations: 1096)
[Webpacker] Everything's up-to-date. Nothing to do
Completed 200 OK in 17ms (Views: 16.1ms | ActiveRecord: 0.3ms | Allocations: 5015)


Started GET "/movies/new" for ::1 at 2020-01-30 15:21:21 -0500
Processing by MoviesController#new as HTML
  Rendering movies/new.html.erb within layouts/application
  Rendered movies/_form.html.erb (Duration: 8.4ms | Allocations: 1093)
  Rendered movies/new.html.erb within layouts/application (Duration: 9.2ms | Allocations: 1179)
[Webpacker] Everything's up-to-date. Nothing to do
Completed 200 OK in 22ms (Views: 20.3ms | ActiveRecord: 0.0ms | Allocations: 5114)


Started POST "/movies" for ::1 at 2020-01-30 15:22:10 -0500
Processing by MoviesController#create as HTML
  Parameters: {"authenticity_token"=>"d3+SHfpaTTIN+HhR5PRGZr2y0czRWJFWe9xBtpc72E/r16p1JyZMCyJNrqHOzz2nAWYZF+frJNwPxXBUH455yA==", "movie"=>{"title"=>"Aventuras en el museo mágico", "desc"=>"Harvie es un chico muy inteligente cuya ambición es llegar al último nivel de un videojuego para que su padre ausente se sienta orgulloso de él. Sin embargo mientras consigue la fama, sus aventuras le llevarán a un mundo de marionetas junto a su perro Jerry y a su amiga Mónica.", "price"=>"5.00", "picture"=>#<ActionDispatch::Http::UploadedFile:0x00007fcd673504f8 @tempfile=#<Tempfile:/var/folders/dm/0zqjbqf14qs842np0x4r1fxw0000gn/T/RackMultipart20200130-3428-smdsb5.jpg>, @original_filename="museo.jpg", @content_type="image/jpeg", @headers="Content-Disposition: form-data; name=\"movie[picture]\"; filename=\"museo.jpg\"\r\nContent-Type: image/jpeg\r\n">}, "commit"=>"Create Movie"}
  [1m[35m (0.1ms)[0m  [1m[36mbegin transaction[0m
  ↳ app/controllers/movies_controller.rb:30:in `block in create'
  [1m[36mMovie Create (0.6ms)[0m  [1m[32mINSERT INTO "movies" ("title", "desc", "price", "picture", "created_at", "updated_at") VALUES (?, ?, ?, ?, ?, ?)[0m  [["title", "Aventuras en el museo mágico"], ["desc", "Harvie es un chico muy inteligente cuya ambición es llegar al último nivel de un videojuego para que su padre ausente se sienta orgulloso de él. Sin embargo mientras consigue la fama, sus aventuras le llevarán a un mundo de marionetas junto a su perro Jerry y a su amiga Mónica."], ["price", 5.0], ["picture", "museo.jpg"], ["created_at", "2020-01-30 20:22:10.126518"], ["updated_at", "2020-01-30 20:22:10.126518"]]
  ↳ app/controllers/movies_controller.rb:30:in `block in create'
  [1m[35m (1.2ms)[0m  [1m[36mcommit transaction[0m
  ↳ app/controllers/movies_controller.rb:30:in `block in create'
Redirected to http://localhost:3000/movies/4
Completed 302 Found in 14ms (ActiveRecord: 1.9ms | Allocations: 3492)


Started GET "/movies/4" for ::1 at 2020-01-30 15:22:10 -0500
Processing by MoviesController#show as HTML
  Parameters: {"id"=>"4"}
  [1m[36mMovie Load (0.2ms)[0m  [1m[34mSELECT "movies".* FROM "movies" WHERE "movies"."id" = ? LIMIT ?[0m  [["id", 4], ["LIMIT", 1]]
  ↳ app/controllers/movies_controller.rb:67:in `set_movie'
  Rendering movies/show.html.erb within layouts/application
  Rendered movies/show.html.erb within layouts/application (Duration: 0.5ms | Allocations: 188)
[Webpacker] Everything's up-to-date. Nothing to do
Completed 200 OK in 13ms (Views: 11.0ms | ActiveRecord: 0.2ms | Allocations: 4621)


Started GET "/movies" for ::1 at 2020-01-30 15:22:14 -0500
Processing by MoviesController#index as HTML
  Rendering movies/index.html.erb within layouts/application
  [1m[36mMovie Load (0.2ms)[0m  [1m[34mSELECT "movies".* FROM "movies"[0m
  ↳ app/views/movies/index.html.erb:5
  Rendered movies/index.html.erb within layouts/application (Duration: 2.5ms | Allocations: 1310)
[Webpacker] Everything's up-to-date. Nothing to do
Completed 200 OK in 13ms (Views: 11.7ms | ActiveRecord: 0.2ms | Allocations: 5233)


Started GET "/movies/new" for ::1 at 2020-01-30 15:22:15 -0500
Processing by MoviesController#new as HTML
  Rendering movies/new.html.erb within layouts/application
  Rendered movies/_form.html.erb (Duration: 4.5ms | Allocations: 1091)
  Rendered movies/new.html.erb within layouts/application (Duration: 4.9ms | Allocations: 1177)
[Webpacker] Everything's up-to-date. Nothing to do
Completed 200 OK in 18ms (Views: 16.1ms | ActiveRecord: 0.0ms | Allocations: 5105)


Started POST "/movies" for ::1 at 2020-01-30 15:23:13 -0500
Processing by MoviesController#create as HTML
  Parameters: {"authenticity_token"=>"sjgDlUpCs9DaGgNyHPyKCLP/SeEmkIkSFqFk+w3cI78ukDv9lz6y6fWv1YI2x/HJDyuBOhAjPJhiuFUZhWmCOA==", "movie"=>{"title"=>"Jumanji: el siguiente nivel", "desc"=>"Las aventuras continúan en el fantástico mundo del juego Jumanji, donde nada es lo que parece. En esta ocasión, los jugadores vuelven al juego, pero sus personajes se han intercambiado entre sí, lo que ofrece un curioso plantel: los mismos héroes con distinta apariencia. ", "price"=>"8.99", "picture"=>#<ActionDispatch::Http::UploadedFile:0x00007fcd63aa9640 @tempfile=#<Tempfile:/var/folders/dm/0zqjbqf14qs842np0x4r1fxw0000gn/T/RackMultipart20200130-3428-5ay5r9.jpeg>, @original_filename="jumanji.jpeg", @content_type="image/jpeg", @headers="Content-Disposition: form-data; name=\"movie[picture]\"; filename=\"jumanji.jpeg\"\r\nContent-Type: image/jpeg\r\n">}, "commit"=>"Create Movie"}
  [1m[35m (0.1ms)[0m  [1m[36mbegin transaction[0m
  ↳ app/controllers/movies_controller.rb:30:in `block in create'
  [1m[36mMovie Create (1.3ms)[0m  [1m[32mINSERT INTO "movies" ("title", "desc", "price", "picture", "created_at", "updated_at") VALUES (?, ?, ?, ?, ?, ?)[0m  [["title", "Jumanji: el siguiente nivel"], ["desc", "Las aventuras continúan en el fantástico mundo del juego Jumanji, donde nada es lo que parece. En esta ocasión, los jugadores vuelven al juego, pero sus personajes se han intercambiado entre sí, lo que ofrece un curioso plantel: los mismos héroes con distinta apariencia. "], ["price", 8.99], ["picture", "jumanji.jpeg"], ["created_at", "2020-01-30 20:23:13.174034"], ["updated_at", "2020-01-30 20:23:13.174034"]]
  ↳ app/controllers/movies_controller.rb:30:in `block in create'
  [1m[35m (1.2ms)[0m  [1m[36mcommit transaction[0m
  ↳ app/controllers/movies_controller.rb:30:in `block in create'
Redirected to http://localhost:3000/movies/5
Completed 302 Found in 18ms (ActiveRecord: 2.6ms | Allocations: 3494)


Started GET "/movies/5" for ::1 at 2020-01-30 15:23:13 -0500
Processing by MoviesController#show as HTML
  Parameters: {"id"=>"5"}
  [1m[36mMovie Load (0.2ms)[0m  [1m[34mSELECT "movies".* FROM "movies" WHERE "movies"."id" = ? LIMIT ?[0m  [["id", 5], ["LIMIT", 1]]
  ↳ app/controllers/movies_controller.rb:67:in `set_movie'
  Rendering movies/show.html.erb within layouts/application
  Rendered movies/show.html.erb within layouts/application (Duration: 0.5ms | Allocations: 188)
[Webpacker] Everything's up-to-date. Nothing to do
Completed 200 OK in 12ms (Views: 10.2ms | ActiveRecord: 0.2ms | Allocations: 4620)


Started GET "/movies" for ::1 at 2020-01-30 15:23:15 -0500
Processing by MoviesController#index as HTML
  Rendering movies/index.html.erb within layouts/application
  [1m[36mMovie Load (0.3ms)[0m  [1m[34mSELECT "movies".* FROM "movies"[0m
  ↳ app/views/movies/index.html.erb:5
  Rendered movies/index.html.erb within layouts/application (Duration: 5.8ms | Allocations: 1548)
[Webpacker] Everything's up-to-date. Nothing to do
Completed 200 OK in 17ms (Views: 15.2ms | ActiveRecord: 0.3ms | Allocations: 5465)


Started GET "/movies/new" for ::1 at 2020-01-30 15:23:49 -0500
Processing by MoviesController#new as HTML
  Rendering movies/new.html.erb within layouts/application
  Rendered movies/_form.html.erb (Duration: 2.9ms | Allocations: 1091)
  Rendered movies/new.html.erb within layouts/application (Duration: 3.3ms | Allocations: 1177)
[Webpacker] Everything's up-to-date. Nothing to do
Completed 200 OK in 14ms (Views: 12.7ms | ActiveRecord: 0.0ms | Allocations: 5102)


Started POST "/movies" for ::1 at 2020-01-30 15:24:45 -0500
Processing by MoviesController#create as HTML
  Parameters: {"authenticity_token"=>"7IijzDObOxNeZTcZf8DLB5MZIv9cHloP6D/1IX8nsxhwIJuk7uc6KnHQ4elV+7DGL83qJGqt74WcJsTD95ISnw==", "movie"=>{"title"=>"Guasón", "desc"=>"Arthur Fleck adora hacer reír a la gente, pero su carrera como comediante es un fracaso. El repudio social, la marginación y una serie de trágicos acontecimientos lo conducen por el sendero de la locura y, finalmente, cae en el mundo del crimen.", "price"=>"15.00", "picture"=>#<ActionDispatch::Http::UploadedFile:0x00007fcd64b3c1d8 @tempfile=#<Tempfile:/var/folders/dm/0zqjbqf14qs842np0x4r1fxw0000gn/T/RackMultipart20200130-3428-1f3pox2.jpeg>, @original_filename="joker.jpeg", @content_type="image/jpeg", @headers="Content-Disposition: form-data; name=\"movie[picture]\"; filename=\"joker.jpeg\"\r\nContent-Type: image/jpeg\r\n">}, "commit"=>"Create Movie"}
  [1m[35m (0.1ms)[0m  [1m[36mbegin transaction[0m
  ↳ app/controllers/movies_controller.rb:30:in `block in create'
  [1m[36mMovie Create (0.5ms)[0m  [1m[32mINSERT INTO "movies" ("title", "desc", "price", "picture", "created_at", "updated_at") VALUES (?, ?, ?, ?, ?, ?)[0m  [["title", "Guasón"], ["desc", "Arthur Fleck adora hacer reír a la gente, pero su carrera como comediante es un fracaso. El repudio social, la marginación y una serie de trágicos acontecimientos lo conducen por el sendero de la locura y, finalmente, cae en el mundo del crimen."], ["price", 15.0], ["picture", "joker.jpeg"], ["created_at", "2020-01-30 20:24:45.137638"], ["updated_at", "2020-01-30 20:24:45.137638"]]
  ↳ app/controllers/movies_controller.rb:30:in `block in create'
  [1m[35m (0.9ms)[0m  [1m[36mcommit transaction[0m
  ↳ app/controllers/movies_controller.rb:30:in `block in create'
Redirected to http://localhost:3000/movies/6
Completed 302 Found in 16ms (ActiveRecord: 1.5ms | Allocations: 3497)


Started GET "/movies/6" for ::1 at 2020-01-30 15:24:45 -0500
Processing by MoviesController#show as HTML
  Parameters: {"id"=>"6"}
  [1m[36mMovie Load (0.2ms)[0m  [1m[34mSELECT "movies".* FROM "movies" WHERE "movies"."id" = ? LIMIT ?[0m  [["id", 6], ["LIMIT", 1]]
  ↳ app/controllers/movies_controller.rb:67:in `set_movie'
  Rendering movies/show.html.erb within layouts/application
  Rendered movies/show.html.erb within layouts/application (Duration: 0.6ms | Allocations: 187)
[Webpacker] Everything's up-to-date. Nothing to do
Completed 200 OK in 10ms (Views: 7.7ms | ActiveRecord: 0.2ms | Allocations: 4622)


Started GET "/movies" for ::1 at 2020-01-30 15:24:46 -0500
Processing by MoviesController#index as HTML
  Rendering movies/index.html.erb within layouts/application
  [1m[36mMovie Load (0.1ms)[0m  [1m[34mSELECT "movies".* FROM "movies"[0m
  ↳ app/views/movies/index.html.erb:5
  Rendered movies/index.html.erb within layouts/application (Duration: 4.8ms | Allocations: 1784)
[Webpacker] Everything's up-to-date. Nothing to do
Completed 200 OK in 19ms (Views: 17.1ms | ActiveRecord: 0.1ms | Allocations: 5708)


Started GET "/movies/2/edit" for ::1 at 2020-01-30 15:24:56 -0500
Processing by MoviesController#edit as HTML
  Parameters: {"id"=>"2"}
  [1m[36mMovie Load (0.2ms)[0m  [1m[34mSELECT "movies".* FROM "movies" WHERE "movies"."id" = ? LIMIT ?[0m  [["id", 2], ["LIMIT", 1]]
  ↳ app/controllers/movies_controller.rb:67:in `set_movie'
  Rendering movies/edit.html.erb within layouts/application
  Rendered movies/_form.html.erb (Duration: 3.1ms | Allocations: 1168)
  Rendered movies/edit.html.erb within layouts/application (Duration: 11.1ms | Allocations: 1423)
[Webpacker] Everything's up-to-date. Nothing to do
Completed 200 OK in 26ms (Views: 23.3ms | ActiveRecord: 0.2ms | Allocations: 5977)


Started GET "/movies" for ::1 at 2020-01-30 15:24:58 -0500
Processing by MoviesController#index as HTML
  Rendering movies/index.html.erb within layouts/application
  [1m[36mMovie Load (0.2ms)[0m  [1m[34mSELECT "movies".* FROM "movies"[0m
  ↳ app/views/movies/index.html.erb:5
  Rendered movies/index.html.erb within layouts/application (Duration: 5.6ms | Allocations: 1787)
[Webpacker] Everything's up-to-date. Nothing to do
Completed 200 OK in 19ms (Views: 16.9ms | ActiveRecord: 0.2ms | Allocations: 5704)


Started GET "/movies/5/edit" for ::1 at 2020-01-30 15:25:00 -0500
Processing by MoviesController#edit as HTML
  Parameters: {"id"=>"5"}
  [1m[36mMovie Load (0.2ms)[0m  [1m[34mSELECT "movies".* FROM "movies" WHERE "movies"."id" = ? LIMIT ?[0m  [["id", 5], ["LIMIT", 1]]
  ↳ app/controllers/movies_controller.rb:67:in `set_movie'
  Rendering movies/edit.html.erb within layouts/application
  Rendered movies/_form.html.erb (Duration: 3.7ms | Allocations: 1142)
  Rendered movies/edit.html.erb within layouts/application (Duration: 4.3ms | Allocations: 1258)
[Webpacker] Everything's up-to-date. Nothing to do
Completed 200 OK in 15ms (Views: 13.0ms | ActiveRecord: 0.2ms | Allocations: 5680)


Started GET "/movies" for ::1 at 2020-01-30 15:25:03 -0500
Processing by MoviesController#index as HTML
  Rendering movies/index.html.erb within layouts/application
  [1m[36mMovie Load (0.2ms)[0m  [1m[34mSELECT "movies".* FROM "movies"[0m
  ↳ app/views/movies/index.html.erb:5
  Rendered movies/index.html.erb within layouts/application (Duration: 6.4ms | Allocations: 1785)
[Webpacker] Everything's up-to-date. Nothing to do
Completed 200 OK in 52ms (Views: 48.4ms | ActiveRecord: 0.2ms | Allocations: 5706)


Started GET "/movies" for ::1 at 2020-01-31 08:32:04 -0500
  [1m[35m (1.7ms)[0m  [1m[34mSELECT sqlite_version(*)[0m
  [1m[35m (0.6ms)[0m  [1m[34mSELECT "schema_migrations"."version" FROM "schema_migrations" ORDER BY "schema_migrations"."version" ASC[0m
Processing by MoviesController#index as HTML
  Rendering movies/index.html.erb within layouts/application
  [1m[36mMovie Load (0.6ms)[0m  [1m[34mSELECT "movies".* FROM "movies"[0m
  ↳ app/views/movies/index.html.erb:5
  Rendered movies/index.html.erb within layouts/application (Duration: 14.7ms | Allocations: 7207)
[Webpacker] Everything's up-to-date. Nothing to do
Completed 200 OK in 76ms (Views: 62.0ms | ActiveRecord: 1.4ms | Allocations: 17052)


Started GET "/movies" for ::1 at 2020-01-31 08:42:41 -0500
  [1m[35m (0.1ms)[0m  [1m[34mSELECT sqlite_version(*)[0m
Processing by MoviesController#index as HTML
  Rendering movies/index.html.erb within layouts/application
  [1m[36mMovie Load (0.3ms)[0m  [1m[34mSELECT "movies".* FROM "movies"[0m
  ↳ app/views/movies/index.html.erb:6
  Rendered movies/index.html.erb within layouts/application (Duration: 4.5ms | Allocations: 2229)
[Webpacker] Everything's up-to-date. Nothing to do
Completed 200 OK in 15ms (Views: 13.1ms | ActiveRecord: 0.3ms | Allocations: 7257)


Started GET "/movies" for ::1 at 2020-01-31 08:43:31 -0500
Processing by MoviesController#index as HTML
  Rendering movies/index.html.erb within layouts/application
  [1m[36mMovie Load (0.2ms)[0m  [1m[34mSELECT "movies".* FROM "movies"[0m
  ↳ app/views/movies/index.html.erb:6
  Rendered movies/index.html.erb within layouts/application (Duration: 6.8ms | Allocations: 2241)
[Webpacker] Everything's up-to-date. Nothing to do
Completed 200 OK in 22ms (Views: 20.1ms | ActiveRecord: 0.2ms | Allocations: 7248)


Started GET "/movies" for ::1 at 2020-01-31 08:43:42 -0500
Processing by MoviesController#index as HTML
  Rendering movies/index.html.erb within layouts/application
  [1m[36mMovie Load (0.2ms)[0m  [1m[34mSELECT "movies".* FROM "movies"[0m
  ↳ app/views/movies/index.html.erb:6
  Rendered movies/index.html.erb within layouts/application (Duration: 7.9ms | Allocations: 2228)
[Webpacker] Everything's up-to-date. Nothing to do
Completed 200 OK in 28ms (Views: 25.8ms | ActiveRecord: 0.2ms | Allocations: 7221)


Started GET "/movies" for ::1 at 2020-01-31 08:44:04 -0500
Processing by MoviesController#index as HTML
  Rendering movies/index.html.erb within layouts/application
  [1m[36mMovie Load (0.2ms)[0m  [1m[34mSELECT "movies".* FROM "movies"[0m
  ↳ app/views/movies/index.html.erb:6
  Rendered movies/index.html.erb within layouts/application (Duration: 8.2ms | Allocations: 2228)
[Webpacker] Everything's up-to-date. Nothing to do
Completed 200 OK in 39ms (Views: 35.9ms | ActiveRecord: 0.2ms | Allocations: 7232)


Started GET "/movies" for ::1 at 2020-01-31 08:44:41 -0500
Processing by MoviesController#index as HTML
  Rendering movies/index.html.erb within layouts/application
  [1m[36mMovie Load (0.3ms)[0m  [1m[34mSELECT "movies".* FROM "movies"[0m
  ↳ app/views/movies/index.html.erb:6
  Rendered movies/index.html.erb within layouts/application (Duration: 5.1ms | Allocations: 2234)
[Webpacker] Everything's up-to-date. Nothing to do
Completed 200 OK in 17ms (Views: 15.0ms | ActiveRecord: 0.3ms | Allocations: 7234)


Started GET "/movies" for ::1 at 2020-01-31 08:44:48 -0500
Processing by MoviesController#index as HTML
  Rendering movies/index.html.erb within layouts/application
  [1m[36mMovie Load (0.2ms)[0m  [1m[34mSELECT "movies".* FROM "movies"[0m
  ↳ app/views/movies/index.html.erb:6
  Rendered movies/index.html.erb within layouts/application (Duration: 3.5ms | Allocations: 2239)
[Webpacker] Everything's up-to-date. Nothing to do
Completed 200 OK in 12ms (Views: 10.5ms | ActiveRecord: 0.2ms | Allocations: 7245)


Started GET "/movies" for ::1 at 2020-01-31 08:44:52 -0500
Processing by MoviesController#index as HTML
  Rendering movies/index.html.erb within layouts/application
  [1m[36mMovie Load (0.2ms)[0m  [1m[34mSELECT "movies".* FROM "movies"[0m
  ↳ app/views/movies/index.html.erb:6
  Rendered movies/index.html.erb within layouts/application (Duration: 6.2ms | Allocations: 2239)
[Webpacker] Everything's up-to-date. Nothing to do
Completed 200 OK in 18ms (Views: 16.8ms | ActiveRecord: 0.2ms | Allocations: 7246)


Started GET "/movies" for ::1 at 2020-01-31 08:45:02 -0500
Processing by MoviesController#index as HTML
  Rendering movies/index.html.erb within layouts/application
  [1m[36mMovie Load (0.2ms)[0m  [1m[34mSELECT "movies".* FROM "movies"[0m
  ↳ app/views/movies/index.html.erb:6
  Rendered movies/index.html.erb within layouts/application (Duration: 5.7ms | Allocations: 2234)
[Webpacker] Everything's up-to-date. Nothing to do
Completed 200 OK in 18ms (Views: 16.6ms | ActiveRecord: 0.2ms | Allocations: 7239)


Started GET "/movies" for ::1 at 2020-01-31 08:45:09 -0500
Processing by MoviesController#index as HTML
  Rendering movies/index.html.erb within layouts/application
  [1m[36mMovie Load (0.2ms)[0m  [1m[34mSELECT "movies".* FROM "movies"[0m
  ↳ app/views/movies/index.html.erb:6
  Rendered movies/index.html.erb within layouts/application (Duration: 5.2ms | Allocations: 2229)
[Webpacker] Everything's up-to-date. Nothing to do
Completed 200 OK in 17ms (Views: 15.2ms | ActiveRecord: 0.2ms | Allocations: 7229)


Started GET "/movies" for ::1 at 2020-01-31 08:45:15 -0500
Processing by MoviesController#index as HTML
  Rendering movies/index.html.erb within layouts/application
  [1m[36mMovie Load (0.2ms)[0m  [1m[34mSELECT "movies".* FROM "movies"[0m
  ↳ app/views/movies/index.html.erb:6
  Rendered movies/index.html.erb within layouts/application (Duration: 6.3ms | Allocations: 2229)
[Webpacker] Everything's up-to-date. Nothing to do
Completed 200 OK in 17ms (Views: 15.6ms | ActiveRecord: 0.2ms | Allocations: 7225)


Started GET "/movies" for ::1 at 2020-01-31 08:45:20 -0500
Processing by MoviesController#index as HTML
  Rendering movies/index.html.erb within layouts/application
  [1m[36mMovie Load (0.2ms)[0m  [1m[34mSELECT "movies".* FROM "movies"[0m
  ↳ app/views/movies/index.html.erb:6
  Rendered movies/index.html.erb within layouts/application (Duration: 5.2ms | Allocations: 2233)
[Webpacker] Everything's up-to-date. Nothing to do
Completed 200 OK in 18ms (Views: 16.9ms | ActiveRecord: 0.2ms | Allocations: 7238)


Started GET "/movies" for ::1 at 2020-01-31 08:45:26 -0500
Processing by MoviesController#index as HTML
  Rendering movies/index.html.erb within layouts/application
  [1m[36mMovie Load (0.2ms)[0m  [1m[34mSELECT "movies".* FROM "movies"[0m
  ↳ app/views/movies/index.html.erb:6
  Rendered movies/index.html.erb within layouts/application (Duration: 6.7ms | Allocations: 2229)
[Webpacker] Everything's up-to-date. Nothing to do
Completed 200 OK in 19ms (Views: 16.9ms | ActiveRecord: 0.2ms | Allocations: 7227)


Started GET "/movies" for ::1 at 2020-01-31 08:45:33 -0500
Processing by MoviesController#index as HTML
  Rendering movies/index.html.erb within layouts/application
  [1m[36mMovie Load (0.3ms)[0m  [1m[34mSELECT "movies".* FROM "movies"[0m
  ↳ app/views/movies/index.html.erb:6
  Rendered movies/index.html.erb within layouts/application (Duration: 6.4ms | Allocations: 2229)
[Webpacker] Everything's up-to-date. Nothing to do
Completed 200 OK in 20ms (Views: 18.5ms | ActiveRecord: 0.3ms | Allocations: 7230)


Started GET "/movies" for ::1 at 2020-01-31 08:45:44 -0500
Processing by MoviesController#index as HTML
  Rendering movies/index.html.erb within layouts/application
  [1m[36mMovie Load (0.3ms)[0m  [1m[34mSELECT "movies".* FROM "movies"[0m
  ↳ app/views/movies/index.html.erb:6
  Rendered movies/index.html.erb within layouts/application (Duration: 5.4ms | Allocations: 2196)
[Webpacker] Everything's up-to-date. Nothing to do
Completed 200 OK in 20ms (Views: 17.4ms | ActiveRecord: 0.3ms | Allocations: 7220)


Started GET "/movies" for ::1 at 2020-01-31 08:45:52 -0500
Processing by MoviesController#index as HTML
  Rendering movies/index.html.erb within layouts/application
  [1m[36mMovie Load (1.3ms)[0m  [1m[34mSELECT "movies".* FROM "movies"[0m
  ↳ app/views/movies/index.html.erb:6
  Rendered movies/index.html.erb within layouts/application (Duration: 9.9ms | Allocations: 2228)
[Webpacker] Everything's up-to-date. Nothing to do
Completed 200 OK in 29ms (Views: 25.4ms | ActiveRecord: 1.3ms | Allocations: 7225)


Started GET "/movies" for ::1 at 2020-01-31 08:48:09 -0500
Processing by MoviesController#index as HTML
  Rendering movies/index.html.erb within layouts/application
  [1m[36mMovie Load (0.2ms)[0m  [1m[34mSELECT "movies".* FROM "movies"[0m
  ↳ app/views/movies/index.html.erb:6
  Rendered movies/index.html.erb within layouts/application (Duration: 10.1ms | Allocations: 2229)
[Webpacker] Everything's up-to-date. Nothing to do
Completed 200 OK in 25ms (Views: 23.5ms | ActiveRecord: 0.2ms | Allocations: 7227)


Started GET "/movies" for ::1 at 2020-01-31 08:48:31 -0500
Processing by MoviesController#index as HTML
  Rendering movies/index.html.erb within layouts/application
  [1m[36mMovie Load (0.2ms)[0m  [1m[34mSELECT "movies".* FROM "movies"[0m
  ↳ app/views/movies/index.html.erb:6
  Rendered movies/index.html.erb within layouts/application (Duration: 5.1ms | Allocations: 2234)
[Webpacker] Everything's up-to-date. Nothing to do
Completed 200 OK in 32ms (Views: 13.6ms | ActiveRecord: 0.2ms | Allocations: 7242)


Started GET "/movies" for ::1 at 2020-01-31 08:48:40 -0500
Processing by MoviesController#index as HTML
  Rendering movies/index.html.erb within layouts/application
  [1m[36mMovie Load (0.3ms)[0m  [1m[34mSELECT "movies".* FROM "movies"[0m
  ↳ app/views/movies/index.html.erb:6
  Rendered movies/index.html.erb within layouts/application (Duration: 7.3ms | Allocations: 2229)
[Webpacker] Everything's up-to-date. Nothing to do
Completed 200 OK in 18ms (Views: 16.2ms | ActiveRecord: 0.3ms | Allocations: 7228)


Started GET "/movies" for ::1 at 2020-01-31 08:51:54 -0500
Processing by MoviesController#index as HTML
  Rendering movies/index.html.erb within layouts/application
  [1m[36mMovie Load (0.2ms)[0m  [1m[34mSELECT "movies".* FROM "movies"[0m
  ↳ app/views/movies/index.html.erb:6
  Rendered movies/index.html.erb within layouts/application (Duration: 3.4ms | Allocations: 1516)
[Webpacker] Everything's up-to-date. Nothing to do
Completed 200 OK in 28ms (Views: 25.9ms | ActiveRecord: 0.2ms | Allocations: 6527)


Started GET "/movies" for ::1 at 2020-01-31 08:52:37 -0500
Processing by MoviesController#index as HTML
  Rendering movies/index.html.erb within layouts/application
  [1m[36mMovie Load (0.2ms)[0m  [1m[34mSELECT "movies".* FROM "movies"[0m
  ↳ app/views/movies/index.html.erb:6
  Rendered movies/index.html.erb within layouts/application (Duration: 3.2ms | Allocations: 1507)
[Webpacker] Everything's up-to-date. Nothing to do
Completed 200 OK in 14ms (Views: 12.7ms | ActiveRecord: 0.2ms | Allocations: 6511)


Started GET "/movies" for ::1 at 2020-01-31 08:52:58 -0500
Processing by MoviesController#index as HTML
  Rendering movies/index.html.erb within layouts/application
  [1m[36mMovie Load (0.2ms)[0m  [1m[34mSELECT "movies".* FROM "movies"[0m
  ↳ app/views/movies/index.html.erb:6
  Rendered movies/index.html.erb within layouts/application (Duration: 3.2ms | Allocations: 1507)
[Webpacker] Everything's up-to-date. Nothing to do
Completed 200 OK in 15ms (Views: 13.1ms | ActiveRecord: 0.2ms | Allocations: 6502)


Started GET "/movies" for ::1 at 2020-01-31 08:57:13 -0500
Processing by MoviesController#index as HTML
  Rendering movies/index.html.erb within layouts/application
  [1m[36mMovie Load (0.2ms)[0m  [1m[34mSELECT "movies".* FROM "movies"[0m
  ↳ app/views/movies/index.html.erb:6
  Rendered movies/index.html.erb within layouts/application (Duration: 3.1ms | Allocations: 1507)
[Webpacker] Everything's up-to-date. Nothing to do
Completed 200 OK in 15ms (Views: 12.6ms | ActiveRecord: 0.2ms | Allocations: 6501)


Started GET "/movies" for ::1 at 2020-01-31 08:57:27 -0500
Processing by MoviesController#index as HTML
  Rendering movies/index.html.erb within layouts/application
  [1m[36mMovie Load (0.3ms)[0m  [1m[34mSELECT "movies".* FROM "movies"[0m
  ↳ app/views/movies/index.html.erb:8
  Rendered movies/index.html.erb within layouts/application (Duration: 4.5ms | Allocations: 1517)
[Webpacker] Everything's up-to-date. Nothing to do
Completed 200 OK in 17ms (Views: 15.6ms | ActiveRecord: 0.3ms | Allocations: 6524)


Started GET "/movies" for ::1 at 2020-01-31 08:58:56 -0500
Processing by MoviesController#index as HTML
  Rendering movies/index.html.erb within layouts/application
  [1m[36mMovie Load (0.2ms)[0m  [1m[34mSELECT "movies".* FROM "movies"[0m
  ↳ app/views/movies/index.html.erb:8
  Rendered movies/index.html.erb within layouts/application (Duration: 5.0ms | Allocations: 1270)
[Webpacker] Everything's up-to-date. Nothing to do
Completed 200 OK in 15ms (Views: 13.8ms | ActiveRecord: 0.2ms | Allocations: 5216)


Started GET "/movies" for ::1 at 2020-01-31 08:59:12 -0500
Processing by MoviesController#index as HTML
  Rendering movies/index.html.erb within layouts/application
  [1m[36mMovie Load (0.3ms)[0m  [1m[34mSELECT "movies".* FROM "movies"[0m
  ↳ app/views/movies/index.html.erb:8
  Rendered movies/index.html.erb within layouts/application (Duration: 4.6ms | Allocations: 1511)
[Webpacker] Everything's up-to-date. Nothing to do
Completed 200 OK in 16ms (Views: 14.8ms | ActiveRecord: 0.3ms | Allocations: 6512)


Started GET "/movies" for ::1 at 2020-01-31 08:59:14 -0500
Processing by MoviesController#index as HTML
  Rendering movies/index.html.erb within layouts/application
  [1m[36mMovie Load (0.1ms)[0m  [1m[34mSELECT "movies".* FROM "movies"[0m
  ↳ app/views/movies/index.html.erb:8
  Rendered movies/index.html.erb within layouts/application (Duration: 2.7ms | Allocations: 1270)
[Webpacker] Everything's up-to-date. Nothing to do
Completed 200 OK in 12ms (Views: 11.4ms | ActiveRecord: 0.1ms | Allocations: 5221)


  [1m[35m (1.1ms)[0m  [1m[34mSELECT sqlite_version(*)[0m
  [1m[35m (0.6ms)[0m  [1m[34mSELECT "schema_migrations"."version" FROM "schema_migrations" ORDER BY "schema_migrations"."version" ASC[0m
Migrating to DeviseCreateUsers (20200131141708)
  [1m[35m (0.2ms)[0m  [1m[36mbegin transaction[0m
  [1m[35m (0.7ms)[0m  [1m[35mCREATE TABLE "users" ("id" integer PRIMARY KEY AUTOINCREMENT NOT NULL, "email" varchar DEFAULT '' NOT NULL, "encrypted_password" varchar DEFAULT '' NOT NULL, "reset_password_token" varchar, "reset_password_sent_at" datetime, "remember_created_at" datetime, "created_at" datetime(6) NOT NULL, "updated_at" datetime(6) NOT NULL)[0m
  [1m[35m (0.1ms)[0m  [1m[35mCREATE UNIQUE INDEX "index_users_on_email" ON "users" ("email")[0m
  [1m[35m (0.1ms)[0m  [1m[35mCREATE UNIQUE INDEX "index_users_on_reset_password_token" ON "users" ("reset_password_token")[0m
  [1m[36mprimary::SchemaMigration Create (0.5ms)[0m  [1m[32mINSERT INTO "schema_migrations" ("version") VALUES (?)[0m  [["version", "20200131141708"]]
  [1m[35m (1.3ms)[0m  [1m[36mcommit transaction[0m
  [1m[36mActiveRecord::InternalMetadata Load (0.5ms)[0m  [1m[34mSELECT "ar_internal_metadata".* FROM "ar_internal_metadata" WHERE "ar_internal_metadata"."key" = ? LIMIT ?[0m  [["key", "environment"], ["LIMIT", 1]]
  [1m[35m (0.0ms)[0m  [1m[34mSELECT sqlite_version(*)[0m
  [1m[35m (0.2ms)[0m  [1m[34mSELECT "schema_migrations"."version" FROM "schema_migrations" ORDER BY "schema_migrations"."version" ASC[0m
  [1m[35m (1.2ms)[0m  [1m[34mSELECT sqlite_version(*)[0m
  [1m[35m (0.2ms)[0m  [1m[34mSELECT "schema_migrations"."version" FROM "schema_migrations" ORDER BY "schema_migrations"."version" ASC[0m
Migrating to AddRelationUsertoMovie (20200131142407)
  [1m[35m (0.1ms)[0m  [1m[36mbegin transaction[0m
  [1m[35m (1.0ms)[0m  [1m[35mALTER TABLE "products" ADD "user_id" integer[0m
  [1m[35m (0.1ms)[0m  [1m[31mrollback transaction[0m
  [1m[35m (1.3ms)[0m  [1m[34mSELECT sqlite_version(*)[0m
  [1m[35m (0.6ms)[0m  [1m[34mSELECT "schema_migrations"."version" FROM "schema_migrations" ORDER BY "schema_migrations"."version" ASC[0m
Migrating to AddRelationUsertoMovie (20200131142407)
  [1m[35m (0.1ms)[0m  [1m[36mbegin transaction[0m
  [1m[35m (1.3ms)[0m  [1m[35mALTER TABLE "movies" ADD "users_id" integer[0m
  [1m[35m (0.4ms)[0m  [1m[35mCREATE  INDEX "index_movies_on_users_id" ON "movies" ("users_id")[0m
  [1m[35m (0.0ms)[0m  [1m[35mPRAGMA foreign_keys[0m
  [1m[35m (0.0ms)[0m  [1m[35mPRAGMA defer_foreign_keys[0m
  [1m[35m (0.0ms)[0m  [1m[35mPRAGMA defer_foreign_keys = ON[0m
  [1m[35m (0.0ms)[0m  [1m[35mPRAGMA foreign_keys = OFF[0m
  [1m[35m (0.1ms)[0m  [1m[35mCREATE TEMPORARY TABLE "amovies" ("id" integer NOT NULL PRIMARY KEY, "title" varchar DEFAULT NULL, "desc" text DEFAULT NULL, "price" float DEFAULT NULL, "picture" varchar DEFAULT NULL, "created_at" datetime(6) NOT NULL, "updated_at" datetime(6) NOT NULL, "users_id" integer DEFAULT NULL)[0m
  [1m[35m (0.1ms)[0m  [1m[35mCREATE  INDEX "tindex_amovies_on_users_id" ON "amovies" ("users_id")[0m
  [1m[35m (0.1ms)[0m  [1m[32mINSERT INTO "amovies" ("id","title","desc","price","picture","created_at","updated_at","users_id")
                     SELECT "id","title","desc","price","picture","created_at","updated_at","users_id" FROM "movies"[0m
  [1m[35m (0.6ms)[0m  [1m[35mDROP TABLE "movies"[0m
  [1m[35m (0.1ms)[0m  [1m[35mCREATE TABLE "movies" ("id" integer NOT NULL PRIMARY KEY, "title" varchar DEFAULT NULL, "desc" text DEFAULT NULL, "price" float DEFAULT NULL, "picture" varchar DEFAULT NULL, "created_at" datetime(6) NOT NULL, "updated_at" datetime(6) NOT NULL, "users_id" integer DEFAULT NULL, CONSTRAINT "fk_rails_caf55aaab0"
FOREIGN KEY ("users_id")
  REFERENCES "users" ("id")
)[0m
  [1m[35m (0.1ms)[0m  [1m[35mCREATE  INDEX "index_movies_on_users_id" ON "movies" ("users_id")[0m
  [1m[35m (0.1ms)[0m  [1m[32mINSERT INTO "movies" ("id","title","desc","price","picture","created_at","updated_at","users_id")
                     SELECT "id","title","desc","price","picture","created_at","updated_at","users_id" FROM "amovies"[0m
  [1m[35m (0.1ms)[0m  [1m[35mDROP TABLE "amovies"[0m
  [1m[35m (0.0ms)[0m  [1m[35mPRAGMA defer_foreign_keys = 0[0m
  [1m[35m (0.3ms)[0m  [1m[35mPRAGMA foreign_keys = 1[0m
  [1m[36mprimary::SchemaMigration Create (0.6ms)[0m  [1m[32mINSERT INTO "schema_migrations" ("version") VALUES (?)[0m  [["version", "20200131142407"]]
  [1m[35m (0.9ms)[0m  [1m[36mcommit transaction[0m
  [1m[36mActiveRecord::InternalMetadata Load (0.6ms)[0m  [1m[34mSELECT "ar_internal_metadata".* FROM "ar_internal_metadata" WHERE "ar_internal_metadata"."key" = ? LIMIT ?[0m  [["key", "environment"], ["LIMIT", 1]]
  [1m[35m (0.1ms)[0m  [1m[34mSELECT sqlite_version(*)[0m
  [1m[35m (0.6ms)[0m  [1m[34mSELECT "schema_migrations"."version" FROM "schema_migrations" ORDER BY "schema_migrations"."version" ASC[0m
